<?xml version="1.0" encoding="UTF-8"?>
<testng-results skipped="0" failed="0" total="2" passed="2">
  <reporter-output>
  </reporter-output>
  <suite name="Default suite" duration-ms="247970" started-at="2015-09-08T02:02:32Z" finished-at="2015-09-08T02:06:40Z">
    <groups>
    </groups>
    <test name="Default test" duration-ms="247970" started-at="2015-09-08T02:02:32Z" finished-at="2015-09-08T02:06:40Z">
      <class name="test.QuotePageTest">
        <test-method status="PASS" signature="setup()[pri:0, instance:test.QuotePageTest@6f8e4035]" name="setup" is-config="true" duration-ms="178154" started-at="2015-09-07T22:02:32Z" finished-at="2015-09-07T22:05:31Z">
          <reporter-output>
          </reporter-output>
        </test-method> <!-- setup -->
        <test-method status="PASS" signature="test_quote_page_items_exist()[pri:0, instance:test.QuotePageTest@6f8e4035]" name="test_quote_page_items_exist" duration-ms="43263" started-at="2015-09-07T22:05:31Z" finished-at="2015-09-07T22:06:14Z">
          <reporter-output>
          </reporter-output>
        </test-method> <!-- test_quote_page_items_exist -->
        <test-method status="PASS" signature="testNextArea()[pri:0, instance:test.QuotePageTest@6f8e4035]" name="testNextArea" duration-ms="26125" started-at="2015-09-07T22:06:14Z" finished-at="2015-09-07T22:06:40Z">
          <reporter-output>
          </reporter-output>
        </test-method> <!-- testNextArea -->
        <test-method status="PASS" signature="shutdown()[pri:0, instance:test.QuotePageTest@6f8e4035]" name="shutdown" is-config="true" duration-ms="262" started-at="2015-09-07T22:06:40Z" finished-at="2015-09-07T22:06:40Z">
          <reporter-output>
          </reporter-output>
        </test-method> <!-- shutdown -->
      </class> <!-- test.QuotePageTest -->
    </test> <!-- Default test -->
  </suite> <!-- Default suite -->
</testng-results>
